{"ygPerms":{"resourceCapabilityList":[{"resourceType":"GROUP","capabilities":[{"name":"READ"},{"name":"JOIN"}]},{"resourceType":"PHOTO","capabilities":[]},{"resourceType":"FILE","capabilities":[]},{"resourceType":"MEMBER","capabilities":[]},{"resourceType":"LINK","capabilities":[]},{"resourceType":"CALENDAR","capabilities":[]},{"resourceType":"DATABASE","capabilities":[]},{"resourceType":"POLL","capabilities":[]},{"resourceType":"MESSAGE","capabilities":[{"name":"READ"}]},{"resourceType":"PENDING_MESSAGE","capabilities":[]},{"resourceType":"ATTACHMENTS","capabilities":[{"name":"READ"}]},{"resourceType":"PHOTOMATIC_ALBUMS","capabilities":[]},{"resourceType":"MEMBERSHIP_TYPE","capabilities":[]},{"resourceType":"POST","capabilities":[{"name":"READ"}]},{"resourceType":"PIN","capabilities":[]}],"groupUrl":"groups.yahoo.com","intlCode":"us"},"comscore":"pageview_candidate","ygData":{"userId":239442615,"authorName":"cerynx","from":"&quot;cerynx&quot; &lt;chrisspen@...&gt;","profile":"cerynx","replyTo":"LIST","senderId":"-IHRrEXR1Aq_Iv55Z-Uo3yeleF8Fs137L2JaRsZwY70bGaoBrK-ZZ24MDQ75o0JiXDgVFyjQn4yoyKMy_2rqqet2cRwR","spamInfo":{"isSpam":false,"reason":"6"},"subject":"Problems Compiling NEAT C++","postDate":"1171783865","msgId":2961,"canDelete":false,"contentTrasformed":false,"systemMessage":false,"headers":{"messageIdInHeader":"PGVyOHZicCt1bjI0QGVHcm91cHMuY29tPg=="},"prevInTopic":0,"nextInTopic":2962,"prevInTime":2960,"nextInTime":2962,"topicId":2961,"numMessagesInTopic":2,"msgSnippet":"I m unable to compile NEAT C++ on FC5. Running make gives dozens of errors. The docs say NEAT was designed to compile under Linux. I confirmed I have Fedora s","rawEmail":"Return-Path: &lt;chrisspen@...&gt;\r\nX-Sender: chrisspen@...\r\nX-Apparently-To: neat@yahoogroups.com\r\nReceived: (qmail 60262 invoked from network); 18 Feb 2007 07:34:21 -0000\r\nReceived: from unknown (66.218.66.71)\n  by m45.grp.scd.yahoo.com with QMQP; 18 Feb 2007 07:34:21 -0000\r\nReceived: from unknown (HELO n18c.bullet.sp1.yahoo.com) (69.147.64.129)\n  by mta13.grp.scd.yahoo.com with SMTP; 18 Feb 2007 07:34:21 -0000\r\nReceived: from [216.252.122.219] by n18.bullet.sp1.yahoo.com with NNFMP; 18 Feb 2007 07:31:06 -0000\r\nReceived: from [209.73.164.86] by t4.bullet.sp1.yahoo.com with NNFMP; 18 Feb 2007 07:31:06 -0000\r\nReceived: from [66.218.66.76] by t8.bullet.scd.yahoo.com with NNFMP; 18 Feb 2007 07:31:05 -0000\r\nDate: Sun, 18 Feb 2007 07:31:05 -0000\r\nTo: neat@yahoogroups.com\r\nMessage-ID: &lt;er8vbp+un24@...&gt;\r\nUser-Agent: eGroups-EW/0.82\r\nMIME-Version: 1.0\r\nContent-Type: text/plain; charset=&quot;ISO-8859-1&quot;\r\nContent-Transfer-Encoding: quoted-printable\r\nX-Mailer: Yahoo Groups Message Poster\r\nX-Yahoo-Newman-Property: groups-compose\r\nX-eGroups-Msg-Info: 1:6:0:0\r\nFrom: &quot;cerynx&quot; &lt;chrisspen@...&gt;\r\nSubject: Problems Compiling NEAT C++\r\nX-Yahoo-Group-Post: member; u=239442615; y=M4VoLOjaTVRlHeIuiaR1zbX241pPxzmJpAKRhtJ559yO\r\nX-Yahoo-Profile: cerynx\r\n\r\nI&#39;m unable to compile NEAT C++ on FC5. Running make gives dozens of\nerrors.=\r\n The docs say NEAT was designed to compile under Linux. I\nconfirmed I have =\r\nFedora&#39;s gtkmm24-devel package installed. What am I\ndoing wrong?\n\nRegards,\n=\r\nChris\n\n$ make\ng++ -o3 -g -Wall -Wno-return-type -I/usr/include/g++-2\n-I/usr=\r\n/lib/gtkmm/include -I/usr/lib/sigc++/include\n-I/usr/lib/glib/include -I/usr=\r\n/include/gtk-1.2 -I/usr/include/glib-1.2\n-DSWIG_GLOBAL -c networks.cpp -o n=\r\networks.o\nIn file included from\n/usr/lib/gcc/i386-redhat-linux/4.1.1/../../=\r\n../../include/c++/4.1.1/backward/fstream.h:31,\n                 from networ=\r\nks.h:6,\n                 from networks.cpp:5:\n/usr/lib/gcc/i386-redhat-linu=\r\nx/4.1.1/../../../../include/c++/4.1.1/backward/backward_warning.h:32:2:\nwar=\r\nning: #warning This file includes at least one deprecated or\nantiquated hea=\r\nder. Please consider using one of the 32 headers found\nin section 17.4.1.2 =\r\nof the C++ standard. Examples include substituting\nthe &lt;X&gt; header for the &lt;=\r\nX.h&gt; header for C++ includes, or &lt;iostream&gt;\ninstead of the deprecated heade=\r\nr &lt;iostream.h&gt;. To disable this warning\nuse -Wno-deprecated.\nIn file includ=\r\ned from networks.cpp:5:\nnetworks.h:12:24: error: gtk--/main.h: No such file=\r\n or directory\nnetworks.h:13:25: error: gtk--/style.h: No such file or direc=\r\ntory\nnetworks.h:14:26: error: gtk--/window.h: No such file or directory\nnet=\r\nworks.h:15:26: error: gtk--/button.h: No such file or directory\nnetworks.h:=\r\n16:23: error: gtk--/box.h: No such file or directory\nnetworks.h:17:31: erro=\r\nr: gtk--/drawingarea.h: No such file or directory\nneat.h: In static member =\r\nfunction `static bool\nNEAT::load_neat_params(char*)&#39;:\nneat.h:70: error: `io=\r\ns&#39; has not been declared\nneat.h:74: error: `cout&#39; was not declared in this =\r\nscope\nneat.h:74: error: `endl&#39; was not declared in this scope\nnetworks.h: A=\r\nt global scope:\nnetworks.h:180: error: ISO C++ forbids declaration of `ostr=\r\neam&#39; with\nno type\nnetworks.h:180: error: `ostream&#39; is neither function nor =\r\nmember\nfunction; cannot be declared friend\nnetworks.h:180: error: expected =\r\n`;&#39; before `&&#39; token\nnetworks.h: In constructor `Link::Link(double)&#39;:\nnetwo=\r\nrks.h:232: error: `FALSE&#39; was not declared in this scope\nnetworks.h: At glo=\r\nbal scope:\nnetworks.h:288: error: ISO C++ forbids declaration of `list&#39; wit=\r\nh no type\nnetworks.h:288: error: expected `;&#39; before `&lt;&#39; token\nnetworks.h:2=\r\n89: error: ISO C++ forbids declaration of `list&#39; with no type\nnetworks.h:28=\r\n9: error: expected `;&#39; before `&lt;&#39; token\nnetworks.h:292: error: ISO C++ forb=\r\nids declaration of `list&#39; with no type\nnetworks.h:292: error: expected `;&#39; =\r\nbefore `&lt;&#39; token\nnetworks.h:297: error: ISO C++ forbids declaration of `ost=\r\nream&#39; with\nno type\nnetworks.h:297: error: `ostream&#39; is neither function nor=\r\n member\nfunction; cannot be declared friend\nnetworks.h:297: error: expected=\r\n `;&#39; before `&&#39; token\nnetworks.h:298: error: ISO C++ forbids declaration of=\r\n `ostream&#39; with\nno type\nnetworks.h:298: error: `ostream&#39; is neither functio=\r\nn nor member\nfunction; cannot be declared friend\nnetworks.h:298: error: exp=\r\nected `;&#39; before `&&#39; token\nnetworks.h:357: error: `vector&#39; has not been dec=\r\nlared\nnetworks.h:357: error: expected `,&#39; or `...&#39; before `&lt;&#39; token\nnetwork=\r\ns.h:400: error: `list&#39; has not been declared\nnetworks.h:400: error: expecte=\r\nd `,&#39; or `...&#39; before `&lt;&#39; token\nnetworks.h: In constructor `NNode::NNode(st=\r\nd::ifstream&, int)&#39;:\nnetworks.h:359: error: `vector&#39; was not declared in th=\r\nis scope\nnetworks.h:359: error: expected primary-expression before `*&#39; toke=\r\nn\nnetworks.h:359: error: expected primary-expression before `&gt;&#39; token\nnetwo=\r\nrks.h:359: error: `::iterator&#39; has not been declared\nnetworks.h:359: error:=\r\n expected `;&#39; before `curtrait&#39;\nnetworks.h:372: error: `curtrait&#39; was not d=\r\neclared in this scope\nnetworks.h:372: error: `traits&#39; was not declared in t=\r\nhis scope\nnetworks.h: In destructor `NNode::~NNode()&#39;:\nnetworks.h:380: erro=\r\nr: `list&#39; was not declared in this scope\nnetworks.h:380: error: expected pr=\r\nimary-expression before `*&#39; token\nnetworks.h:380: error: expected primary-e=\r\nxpression before `&gt;&#39; token\nnetworks.h:380: error: `::iterator&#39; has not been=\r\n declared\nnetworks.h:380: error: expected `;&#39; before `curlink&#39;\nnetworks.h:3=\r\n83: error: `curlink&#39; was not declared in this scope\nnetworks.h:383: error: =\r\n`incoming&#39; was not declared in this scope\nnetworks.h: At global scope:\nnetw=\r\norks.h:425: error: ISO C++ forbids declaration of `ostream&#39; with\nno type\nne=\r\ntworks.h:425: error: `ostream&#39; is neither function nor member\nfunction; can=\r\nnot be declared friend\nnetworks.h:425: error: expected `;&#39; before `&&#39; token=\r\n\nnetworks.h:432: error: ISO C++ forbids declaration of `list&#39; with no type\n=\r\nnetworks.h:432: error: expected `;&#39; before `&lt;&#39; token\nnetworks.h:434: error:=\r\n ISO C++ forbids declaration of `list&#39; with no type\nnetworks.h:434: error: =\r\nexpected `;&#39; before `&lt;&#39; token\nnetworks.h:437: error: `list&#39; has not been de=\r\nclared\nnetworks.h:437: error: expected `,&#39; or `...&#39; before `&lt;&#39; token\nnetwor=\r\nks.h:439: error: `list&#39; has not been declared\nnetworks.h:439: error: expect=\r\ned `,&#39; or `...&#39; before `&lt;&#39; token\nnetworks.h:440: error: `list&#39; has not been=\r\n declared\nnetworks.h:440: error: expected `,&#39; or `...&#39; before `&lt;&#39; token\nnet=\r\nworks.h:444: error: ISO C++ forbids declaration of `Genome&#39; with no\ntype\nne=\r\ntworks.h:444: error: expected `;&#39; before `*&#39; token\nnetworks.h:447: error: I=\r\nSO C++ forbids declaration of `list&#39; with no type\nnetworks.h:447: error: ex=\r\npected `;&#39; before `&lt;&#39; token\nnetworks.h:448: error: ISO C++ forbids declarat=\r\nion of `list&#39; with no type\nnetworks.h:448: error: expected `;&#39; before `&lt;&#39; t=\r\noken\nnetworks.h:452: error: ISO C++ forbids declaration of `ostream&#39; with\nn=\r\no type\nnetworks.h:452: error: `ostream&#39; is neither function nor member\nfunc=\r\ntion; cannot be declared friend\nnetworks.h:452: error: expected `;&#39; before =\r\n`&&#39; token\nnetworks.h:455: error: expected `)&#39; before `&lt;&#39; token\nnetworks.h:5=\r\n14: error: `list&#39; has not been declared\nnetworks.h:514: error: expected `,&#39;=\r\n or `...&#39; before `&lt;&#39; token\ngenetics.h:110: error: `vector&#39; has not been dec=\r\nlared\ngenetics.h:110: error: expected `,&#39; or `...&#39; before `&lt;&#39; token\ngenetic=\r\ns.h: In constructor `Gene::Gene(std::ifstream&, int)&#39;:\ngenetics.h:121: erro=\r\nr: `vector&#39; was not declared in this scope\ngenetics.h:121: error: expected =\r\nprimary-expression before `*&#39; token\ngenetics.h:121: error: expected primary=\r\n-expression before `&gt;&#39; token\ngenetics.h:121: error: `::iterator&#39; has not be=\r\nen declared\ngenetics.h:121: error: expected `;&#39; before `curtrait&#39;\ngenetics.=\r\nh:122: error: `list&#39; was not declared in this scope\ngenetics.h:122: error: =\r\nexpected primary-expression before `*&#39; token\ngenetics.h:122: error: expecte=\r\nd primary-expression before `&gt;&#39; token\ngenetics.h:122: error: `::iterator&#39; h=\r\nas not been declared\ngenetics.h:122: error: expected `;&#39; before `curnode&#39;\ng=\r\nenetics.h:137: error: `curtrait&#39; was not declared in this scope\ngenetics.h:=\r\n137: error: `traits&#39; was not declared in this scope\ngenetics.h:144: error: =\r\n`curnode&#39; was not declared in this scope\ngenetics.h:144: error: `nodes&#39; was=\r\n not declared in this scope\ngenetics.h: At global scope:\ngenetics.h:191: er=\r\nror: `list&#39; has not been declared\ngenetics.h:191: error: expected `,&#39; or `.=\r\n..&#39; before `&lt;&#39; token\ngenetics.h:199: error: ISO C++ forbids declaration of =\r\n`vector&#39; with no\ntype\ngenetics.h:199: error: expected `;&#39; before `&lt;&#39; token\n=\r\ngenetics.h:200: error: ISO C++ forbids declaration of `list&#39; with no type\ng=\r\nenetics.h:200: error: expected `;&#39; before `&lt;&#39; token\ngenetics.h:201: error: =\r\nISO C++ forbids declaration of `list&#39; with no type\ngenetics.h:201: error: e=\r\nxpected `;&#39; before `&lt;&#39; token\ngenetics.h:211: error: `vector&#39; has not been d=\r\neclared\ngenetics.h:211: error: expected `,&#39; or `...&#39; before `&lt;&#39; token\ngenet=\r\nics.h:219: error: `vector&#39; has not been declared\ngenetics.h:219: error: exp=\r\nected `,&#39; or `...&#39; before `&lt;&#39; token\ngenetics.h:219: error: `Genome::Genome(=\r\nint, int)&#39; cannot be overloaded\ngenetics.h:211: error: with `Genome::Genome=\r\n(int, int)&#39;\ngenetics.h:525: error: `list&#39; has not been declared\ngenetics.h:=\r\n525: error: expected `,&#39; or `...&#39; before `&lt;&#39; token\ngenetics.h:528: error: `=\r\nlist&#39; has not been declared\ngenetics.h:528: error: expected `,&#39; or `...&#39; be=\r\nfore `&lt;&#39; token\ngenetics.h: In constructor `Genome::Genome(int, int)&#39;:\ngenet=\r\nics.h:213: error: `traits&#39; was not declared in this scope\ngenetics.h:213: e=\r\nrror: `t&#39; was not declared in this scope\ngenetics.h:214: error: `nodes&#39; was=\r\n not declared in this scope\ngenetics.h:214: error: `n&#39; was not declared in =\r\nthis scope\ngenetics.h:215: error: `genes&#39; was not declared in this scope\nge=\r\nnetics.h:215: error: `g&#39; was not declared in this scope\ngenetics.h: In cons=\r\ntructor `Genome::Genome(int, int)&#39;:\ngenetics.h:220: error: `list&#39; was not d=\r\neclared in this scope\ngenetics.h:220: error: expected primary-expression be=\r\nfore `*&#39; token\ngenetics.h:220: error: expected primary-expression before `&gt;=\r\n&#39; token\ngenetics.h:220: error: `::iterator&#39; has not been declared\ngenetics.=\r\nh:220: error: expected `;&#39; before `curlink&#39;\ngenetics.h:222: error: `traits&#39;=\r\n was not declared in this scope\ngenetics.h:222: error: `t&#39; was not declared=\r\n in this scope\ngenetics.h:223: error: `nodes&#39; was not declared in this scop=\r\ne\ngenetics.h:223: error: `n&#39; was not declared in this scope\ngenetics.h:228:=\r\n error: `curlink&#39; was not declared in this scope\ngenetics.h:228: error: `li=\r\nnks&#39; was not declared in this scope\ngenetics.h:231: error: `genes&#39; was not =\r\ndeclared in this scope\ngenetics.h: In constructor `Genome::Genome(int, std:=\r\n:ifstream&)&#39;:\ngenetics.h:276: error: `traits&#39; was not declared in this scop=\r\ne\ngenetics.h:284: error: `traits&#39; was not declared in this scope\ngenetics.h=\r\n:287: error: `nodes&#39; was not declared in this scope\ngenetics.h:295: error: =\r\n`traits&#39; was not declared in this scope\ngenetics.h:295: error: `nodes&#39; was =\r\nnot declared in this scope\ngenetics.h:298: error: `genes&#39; was not declared =\r\nin this scope\ngenetics.h: In constructor `Genome::Genome(int, int, int, int=\r\n, int,\nbool, double)&#39;:\ngenetics.h:347: error: `list&#39; was not declared in th=\r\nis scope\ngenetics.h:347: error: expected primary-expression before `*&#39; toke=\r\nn\ngenetics.h:347: error: expected primary-expression before `&gt;&#39; token\ngenet=\r\nics.h:347: error: `::iterator&#39; has not been declared\ngenetics.h:347: error:=\r\n expected `;&#39; before `node_iter&#39;\ngenetics.h:365: error: `traits&#39; was not de=\r\nclared in this scope\ngenetics.h:376: error: `nodes&#39; was not declared in thi=\r\ns scope\ngenetics.h:384: error: `nodes&#39; was not declared in this scope\ngenet=\r\nics.h:392: error: `nodes&#39; was not declared in this scope\ngenetics.h:415: er=\r\nror: `node_iter&#39; was not declared in this scope\ngenetics.h:415: error: `nod=\r\nes&#39; was not declared in this scope\ngenetics.h:433: error: `genes&#39; was not d=\r\neclared in this scope\ngenetics.h:439: error: `node_iter&#39; was not declared i=\r\nn this scope\ngenetics.h:439: error: `nodes&#39; was not declared in this scope\n=\r\ngenetics.h:457: error: `genes&#39; was not declared in this scope\ngenetics.h: I=\r\nn destructor `Genome::~Genome()&#39;:\ngenetics.h:473: error: `vector&#39; was not d=\r\neclared in this scope\ngenetics.h:473: error: expected primary-expression be=\r\nfore `*&#39; token\ngenetics.h:473: error: expected primary-expression before `&gt;=\r\n&#39; token\ngenetics.h:473: error: `::iterator&#39; has not been declared\ngenetics.=\r\nh:473: error: expected `;&#39; before `curtrait&#39;\ngenetics.h:474: error: `list&#39; =\r\nwas not declared in this scope\ngenetics.h:474: error: expected primary-expr=\r\nession before `*&#39; token\ngenetics.h:474: error: expected primary-expression =\r\nbefore `&gt;&#39; token\ngenetics.h:474: error: `::iterator&#39; has not been declared\n=\r\ngenetics.h:474: error: expected `;&#39; before `curnode&#39;\ngenetics.h:475: error:=\r\n expected primary-expression before `*&#39; token\ngenetics.h:475: error: expect=\r\ned primary-expression before `&gt;&#39; token\ngenetics.h:475: error: `::iterator&#39; =\r\nhas not been declared\ngenetics.h:475: error: expected `;&#39; before `curgene&#39;\n=\r\ngenetics.h:477: error: `curtrait&#39; was not declared in this scope\ngenetics.h=\r\n:477: error: `traits&#39; was not declared in this scope\ngenetics.h:481: error:=\r\n `curnode&#39; was not declared in this scope\ngenetics.h:481: error: `nodes&#39; wa=\r\ns not declared in this scope\ngenetics.h:485: error: `curgene&#39; was not decla=\r\nred in this scope\ngenetics.h:485: error: `genes&#39; was not declared in this s=\r\ncope\ngenetics.h: At global scope:\ngenetics.h:664: error: expected construct=\r\nor, destructor, or type\nconversion before `&lt;&#39; token\ngenetics.h:770: error: =\r\nISO C++ forbids declaration of `list&#39; with no type\ngenetics.h:770: error: e=\r\nxpected `;&#39; before `&lt;&#39; token\ngenetics.h:812: error: `list&#39; has not been dec=\r\nlared\ngenetics.h:812: error: expected `,&#39; or `...&#39; before `&lt;&#39; token\ngenetic=\r\ns.h: In member function `double Species::size()&#39;:\ngenetics.h:806: error: `o=\r\nrganisms&#39; was not declared in this scope\ngenetics.h: In destructor `Species=\r\n::~Species()&#39;:\ngenetics.h:841: error: `list&#39; was not declared in this scope=\r\n\ngenetics.h:841: error: expected primary-expression before `*&#39; token\ngeneti=\r\ncs.h:841: error: expected primary-expression before `&gt;&#39; token\ngenetics.h:84=\r\n1: error: `::iterator&#39; has not been declared\ngenetics.h:841: error: expecte=\r\nd `;&#39; before `curorg&#39;\ngenetics.h:843: error: `curorg&#39; was not declared in t=\r\nhis scope\ngenetics.h:843: error: `organisms&#39; was not declared in this scope=\r\n\ngenetics.h: In constructor `Species_viz::Species_viz(Species*)&#39;:\ngenetics.=\r\nh:872: error: `class Species&#39; has no member named `organisms&#39;\ngenetics.h: A=\r\nt global scope:\ngenetics.h:888: error: ISO C++ forbids declaration of `list=\r\n&#39; with no type\ngenetics.h:888: error: expected `;&#39; before `&lt;&#39; token\ngenetic=\r\ns.h:907: error: ISO C++ forbids declaration of `list&#39; with no type\ngenetics=\r\n.h:907: error: expected `;&#39; before `&lt;&#39; token\ngenetics.h:909: error: ISO C++=\r\n forbids declaration of `list&#39; with no type\ngenetics.h:909: error: expected=\r\n `;&#39; before `&lt;&#39; token\ngenetics.h:915: error: ISO C++ forbids declaration of=\r\n `list&#39; with no type\ngenetics.h:915: error: expected `;&#39; before `&lt;&#39; token\ng=\r\nenetics.h:924: error: ISO C++ forbids declaration of `list&#39; with no type\nge=\r\nnetics.h:924: error: expected `;&#39; before `&lt;&#39; token\ngenetics.h: In construct=\r\nor `Population::Population(int, int, int, int,\nbool, double)&#39;:\ngenetics.h:9=\r\n84: error: `organisms&#39; was not declared in this scope\ngenetics.h: In constr=\r\nuctor `Population::Population(char*)&#39;:\ngenetics.h:1027: error: `organisms&#39; =\r\nwas not declared in this scope\ngenetics.h: In destructor `Population::~Popu=\r\nlation()&#39;:\ngenetics.h:1061: error: `list&#39; was not declared in this scope\nge=\r\nnetics.h:1061: error: expected primary-expression before `*&#39; token\ngenetics=\r\n.h:1061: error: expected primary-expression before `&gt;&#39; token\ngenetics.h:106=\r\n1: error: `::iterator&#39; has not been declared\ngenetics.h:1061: error: expect=\r\ned `;&#39; before `curspec&#39;\ngenetics.h:1062: error: expected primary-expression=\r\n before `*&#39; token\ngenetics.h:1062: error: expected primary-expression befor=\r\ne `&gt;&#39; token\ngenetics.h:1062: error: `::iterator&#39; has not been declared\ngene=\r\ntics.h:1062: error: expected `;&#39; before `curorg&#39;\ngenetics.h:1063: error: ex=\r\npected primary-expression before `*&#39; token\ngenetics.h:1063: error: expected=\r\n primary-expression before `&gt;&#39; token\ngenetics.h:1063: error: `::iterator&#39; h=\r\nas not been declared\ngenetics.h:1063: error: expected `;&#39; before `cursnap&#39;\n=\r\ngenetics.h:1065: error: `species&#39; was not declared in this scope\ngenetics.h=\r\n:1066: error: `curspec&#39; was not declared in this scope\ngenetics.h:1071: err=\r\nor: `curorg&#39; was not declared in this scope\ngenetics.h:1071: error: `organi=\r\nsms&#39; was not declared in this scope\ngenetics.h:1079: error: `cursnap&#39; was n=\r\not declared in this scope\ngenetics.h:1079: error: `generation_snapshots&#39; wa=\r\ns not declared in\nthis scope\nvisual.h: At global scope:\nvisual.h:19: error:=\r\n `Gtk&#39; has not been declared\nvisual.h:19: error: expected initializer befor=\r\ne `*&#39; token\nvisual.h:26: error: `Gtk&#39; has not been declared\nvisual.h:26: er=\r\nror: expected `{&#39; before `DrawingArea&#39;\nvisual.h:26: error: invalid function=\r\n declaration\nvisual.h:52: error: `Gtk&#39; has not been declared\nvisual.h:52: e=\r\nrror: expected `{&#39; before `Window&#39;\nvisual.h:52: error: invalid function dec=\r\nlaration\nvisual.h:71: error: `Gtk&#39; has not been declared\nvisual.h:71: error=\r\n: expected `{&#39; before `DrawingArea&#39;\nvisual.h:71: error: invalid function de=\r\nclaration\nvisual.h:96: error: `Gtk&#39; has not been declared\nvisual.h:96: erro=\r\nr: expected `{&#39; before `Window&#39;\nvisual.h:96: error: invalid function declar=\r\nation\nnetworks.h: In function `std::ostream& operator&lt;&lt;(std::ostream&, cons=\r\nt\nNNode&)&#39;:\nnetworks.h:258: error: `int NNode::activation_count&#39; is protect=\r\ned\nnetworks.cpp:113: error: within this context\nnetworks.h:258: error: `int=\r\n NNode::activation_count&#39; is protected\nnetworks.cpp:115: error: within this=\r\n context\nnetworks.h: In function `std::ostream& operator&lt;&lt;(std::ostream&, c=\r\nonst\nNNode*)&#39;:\nnetworks.h:258: error: `int NNode::activation_count&#39; is prot=\r\nected\nnetworks.cpp:122: error: within this context\nnetworks.h:258: error: `=\r\nint NNode::activation_count&#39; is protected\nnetworks.cpp:124: error: within t=\r\nhis context\nnetworks.cpp: In member function `void NNode::add_incoming(NNod=\r\ne*,\ndouble, bool)&#39;:\nnetworks.cpp:138: error: `incoming&#39; was not declared in=\r\n this scope\nnetworks.cpp:139: error: `class NNode&#39; has no member named `out=\r\ngoing&#39;\nnetworks.cpp: In member function `void NNode::add_incoming(NNode*,\nd=\r\nouble)&#39;:\nnetworks.cpp:144: error: `FALSE&#39; was not declared in this scope\nne=\r\ntworks.cpp:145: error: `incoming&#39; was not declared in this scope\nnetworks.c=\r\npp:146: error: `class NNode&#39; has no member named `outgoing&#39;\nnetworks.cpp: I=\r\nn member function `void NNode::flushback()&#39;:\nnetworks.cpp:166: error: `list=\r\n&#39; was not declared in this scope\nnetworks.cpp:166: error: expected primary-=\r\nexpression before `*&#39; token\nnetworks.cpp:166: error: expected primary-expre=\r\nssion before `&gt;&#39; token\nnetworks.cpp:166: error: `::iterator&#39; has not been d=\r\neclared\nnetworks.cpp:166: error: expected `;&#39; before `curlink&#39;\nnetworks.cpp=\r\n:179: error: `curlink&#39; was not declared in this scope\nnetworks.cpp:179: err=\r\nor: `incoming&#39; was not declared in this scope\nnetworks.cpp: At global scope=\r\n:\nnetworks.cpp:200: error: variable or field `flushback_check&#39; declared voi=\r\nd\nnetworks.cpp:200: error: `int NNode::flushback_check&#39; is not a static\nmem=\r\nber of `class NNode&#39;\nnetworks.cpp:200: error: `list&#39; was not declared in th=\r\nis scope\nnetworks.cpp:200: error: expected primary-expression before `*&#39; to=\r\nken\nnetworks.cpp:200: error: expected primary-expression before `&gt;&#39; token\nn=\r\networks.cpp:200: error: `seenlist&#39; was not declared in this scope\nnetworks.=\r\ncpp:200: error: expected `,&#39; or `;&#39; before `{&#39; token\nmake: *** [networks.o]=\r\n Error 1\n\n\n"}}